<?xml version="1.0" encoding="UTF-8"?>
<testsuites>
  <testsuite name="fastlane.lanes">
    
    
    
      
      <testcase classname="fastlane.lanes" name="0: default_platform" time="0.000378">
        
      </testcase>
    
      
      <testcase classname="fastlane.lanes" name="1: clean assembleDebug" time="415.131757">
        
          <failure message="/Library/Ruby/Gems/2.6.0/gems/fastlane-2.207.0/fastlane/lib/fastlane/actions/actions_helper.rb:67:in `execute_action'&#10;/Library/Ruby/Gems/2.6.0/gems/fastlane-2.207.0/fastlane/lib/fastlane/runner.rb:255:in `block in execute_action'&#10;/Library/Ruby/Gems/2.6.0/gems/fastlane-2.207.0/fastlane/lib/fastlane/runner.rb:229:in `chdir'&#10;/Library/Ruby/Gems/2.6.0/gems/fastlane-2.207.0/fastlane/lib/fastlane/runner.rb:229:in `execute_action'&#10;/Library/Ruby/Gems/2.6.0/gems/fastlane-2.207.0/fastlane/lib/fastlane/runner.rb:157:in `trigger_action_by_name'&#10;/Library/Ruby/Gems/2.6.0/gems/fastlane-2.207.0/fastlane/lib/fastlane/fast_file.rb:159:in `method_missing'&#10;Fastfile:41:in `block (2 levels) in parsing_binding'&#10;/Library/Ruby/Gems/2.6.0/gems/fastlane-2.207.0/fastlane/lib/fastlane/lane.rb:33:in `call'&#10;/Library/Ruby/Gems/2.6.0/gems/fastlane-2.207.0/fastlane/lib/fastlane/runner.rb:49:in `block in execute'&#10;/Library/Ruby/Gems/2.6.0/gems/fastlane-2.207.0/fastlane/lib/fastlane/runner.rb:45:in `chdir'&#10;/Library/Ruby/Gems/2.6.0/gems/fastlane-2.207.0/fastlane/lib/fastlane/runner.rb:45:in `execute'&#10;/Library/Ruby/Gems/2.6.0/gems/fastlane-2.207.0/fastlane/lib/fastlane/lane_manager.rb:47:in `cruise_lane'&#10;/Library/Ruby/Gems/2.6.0/gems/fastlane-2.207.0/fastlane/lib/fastlane/command_line_handler.rb:36:in `handle'&#10;/Library/Ruby/Gems/2.6.0/gems/fastlane-2.207.0/fastlane/lib/fastlane/commands_generator.rb:110:in `block (2 levels) in run'&#10;/Library/Ruby/Gems/2.6.0/gems/commander-4.6.0/lib/commander/command.rb:187:in `call'&#10;/Library/Ruby/Gems/2.6.0/gems/commander-4.6.0/lib/commander/command.rb:157:in `run'&#10;/Library/Ruby/Gems/2.6.0/gems/commander-4.6.0/lib/commander/runner.rb:444:in `run_active_command'&#10;/Library/Ruby/Gems/2.6.0/gems/fastlane-2.207.0/fastlane_core/lib/fastlane_core/ui/fastlane_runner.rb:124:in `run!'&#10;/Library/Ruby/Gems/2.6.0/gems/commander-4.6.0/lib/commander/delegates.rb:18:in `run!'&#10;/Library/Ruby/Gems/2.6.0/gems/fastlane-2.207.0/fastlane/lib/fastlane/commands_generator.rb:354:in `run'&#10;/Library/Ruby/Gems/2.6.0/gems/fastlane-2.207.0/fastlane/lib/fastlane/commands_generator.rb:43:in `start'&#10;/Library/Ruby/Gems/2.6.0/gems/fastlane-2.207.0/fastlane/lib/fastlane/cli_tools_distributor.rb:123:in `take_off'&#10;/Library/Ruby/Gems/2.6.0/gems/fastlane-2.207.0/bin/fastlane:23:in `&lt;top (required)&gt;'&#10;/usr/local/bin/fastlane:23:in `load'&#10;/usr/local/bin/fastlane:23:in `&lt;top (required)&gt;'&#10;/Library/Ruby/Gems/2.6.0/gems/bundler-2.3.17/lib/bundler/cli/exec.rb:58:in `load'&#10;/Library/Ruby/Gems/2.6.0/gems/bundler-2.3.17/lib/bundler/cli/exec.rb:58:in `kernel_load'&#10;/Library/Ruby/Gems/2.6.0/gems/bundler-2.3.17/lib/bundler/cli/exec.rb:23:in `run'&#10;/Library/Ruby/Gems/2.6.0/gems/bundler-2.3.17/lib/bundler/cli.rb:483:in `exec'&#10;/Library/Ruby/Gems/2.6.0/gems/bundler-2.3.17/lib/bundler/vendor/thor/lib/thor/command.rb:27:in `run'&#10;/Library/Ruby/Gems/2.6.0/gems/bundler-2.3.17/lib/bundler/vendor/thor/lib/thor/invocation.rb:127:in `invoke_command'&#10;/Library/Ruby/Gems/2.6.0/gems/bundler-2.3.17/lib/bundler/vendor/thor/lib/thor.rb:392:in `dispatch'&#10;/Library/Ruby/Gems/2.6.0/gems/bundler-2.3.17/lib/bundler/cli.rb:31:in `dispatch'&#10;/Library/Ruby/Gems/2.6.0/gems/bundler-2.3.17/lib/bundler/vendor/thor/lib/thor/base.rb:485:in `start'&#10;/Library/Ruby/Gems/2.6.0/gems/bundler-2.3.17/lib/bundler/cli.rb:25:in `start'&#10;/Library/Ruby/Gems/2.6.0/gems/bundler-2.3.17/exe/bundle:48:in `block in &lt;top (required)&gt;'&#10;/Library/Ruby/Gems/2.6.0/gems/bundler-2.3.17/lib/bundler/friendly_errors.rb:120:in `with_friendly_errors'&#10;/Library/Ruby/Gems/2.6.0/gems/bundler-2.3.17/exe/bundle:36:in `&lt;top (required)&gt;'&#10;/usr/local/bin/bundle:23:in `load'&#10;/usr/local/bin/bundle:23:in `&lt;main&gt;'&#10;&#10;Exit status of command '/Users/aniket/per/pdb/gradlew clean assembleDebug -p .' was 1 instead of 0.&#10;Starting a Gradle Daemon (subsequent builds will be faster)&#10;&gt; Task :clean UP-TO-DATE&#10;&gt; Task :pdb:clean UP-TO-DATE&#10;&gt; Task :pdb:preBuild UP-TO-DATE&#10;&gt; Task :pdb:preDebugBuild UP-TO-DATE&#10;&gt; Task :pdb:compileDebugAidl NO-SOURCE&#10;&gt; Task :pdb:mergeDebugJniLibFolders&#10;&gt; Task :pdb:mergeDebugNativeLibs NO-SOURCE&#10;&gt; Task :pdb:stripDebugDebugSymbols NO-SOURCE&#10;&gt; Task :pdb:compileDebugRenderscript NO-SOURCE&#10;&gt; Task :pdb:copyDebugJniLibsProjectAndLocalJars&#10;&gt; Task :pdb:generateDebugBuildConfig&#10;&gt; Task :pdb:generateDebugResValues&#10;&gt; Task :pdb:generateDebugResources&#10;&gt; Task :pdb:packageDebugResources&#10;&gt; Task :pdb:parseDebugLocalResources&#10;&gt; Task :pdb:processDebugManifest&#10;&gt; Task :pdb:javaPreCompileDebug&#10;&gt; Task :pdb:javaPreCompileDebug FAILED&#10;&#10;FAILURE: Build failed with an exception.&#10;&#10;* What went wrong:&#10;Execution failed for task ':pdb:javaPreCompileDebug'.&#10;&gt; Could not resolve all files for configuration ':pdb:_agp_internal_javaPreCompileDebug_kaptClasspath'.&#10;   &gt; Could not resolve androidx.room:room-compiler:2.3.0.&#10;     Required by:&#10;         project :pdb&#10;      &gt; Could not resolve androidx.room:room-compiler:2.3.0.&#10;         &gt; Could not get resource 'https://dl.google.com/dl/android/maven2/androidx/room/room-compiler/2.3.0/room-compiler-2.3.0.pom'.&#10;            &gt; Could not HEAD 'https://dl.google.com/dl/android/maven2/androidx/room/room-compiler/2.3.0/room-compiler-2.3.0.pom'.&#10;               &gt; dl.google.com&#10;      &gt; Could not resolve androidx.room:room-compiler:2.3.0.&#10;         &gt; Could not get resource 'https://repo.maven.apache.org/maven2/androidx/room/room-compiler/2.3.0/room-compiler-2.3.0.pom'.&#10;            &gt; Could not HEAD 'https://repo.maven.apache.org/maven2/androidx/room/room-compiler/2.3.0/room-compiler-2.3.0.pom'.&#10;               &gt; repo.maven.apache.org&#10;      &gt; Could not resolve androidx.room:room-compiler:2.3.0.&#10;         &gt; Could not get resource 'https://jitpack.io/androidx/room/room-compiler/2.3.0/room-compiler-2.3.0.pom'.&#10;            &gt; Could not HEAD 'https://jitpack.io/androidx/room/room-compiler/2.3.0/room-compiler-2.3.0.pom'.&#10;               &gt; jitpack.io: nodename nor servname provided, or not known&#10;   &gt; Could not resolve com.squareup.moshi:moshi-kotlin-codegen:1.12.0.&#10;     Required by:&#10;         project :pdb&#10;      &gt; Could not resolve com.squareup.moshi:moshi-kotlin-codegen:1.12.0.&#10;         &gt; Could not get resource 'https://dl.google.com/dl/android/maven2/com/squareup/moshi/moshi-kotlin-codegen/1.12.0/moshi-kotlin-codegen-1.12.0.pom'.&#10;            &gt; Could not GET 'https://dl.google.com/dl/android/maven2/com/squareup/moshi/moshi-kotlin-codegen/1.12.0/moshi-kotlin-codegen-1.12.0.pom'.&#10;               &gt; dl.google.com: nodename nor servname provided, or not known&#10;      &gt; Could not resolve com.squareup.moshi:moshi-kotlin-codegen:1.12.0.&#10;         &gt; Could not get resource 'https://repo.maven.apache.org/maven2/com/squareup/moshi/moshi-kotlin-codegen/1.12.0/moshi-kotlin-codegen-1.12.0.pom'.&#10;            &gt; Could not GET 'https://repo.maven.apache.org/maven2/com/squareup/moshi/moshi-kotlin-codegen/1.12.0/moshi-kotlin-codegen-1.12.0.pom'.&#10;               &gt; repo.maven.apache.org: nodename nor servname provided, or not known&#10;      &gt; Could not resolve com.squareup.moshi:moshi-kotlin-codegen:1.12.0.&#10;         &gt; Could not get resource 'https://jitpack.io/com/squareup/moshi/moshi-kotlin-codegen/1.12.0/moshi-kotlin-codegen-1.12.0.pom'.&#10;            &gt; Could not GET 'https://jitpack.io/com/squareup/moshi/moshi-kotlin-codegen/1.12.0/moshi-kotlin-codegen-1.12.0.pom'.&#10;               &gt; jitpack.io&#10;&#10;* Try:&#10;Run with --stacktrace option to get the stack trace. Run with --info or --debug option to get more log output. Run with --scan to get full insights.&#10;&#10;* Get more help at https://help.gradle.org&#10;&#10;BUILD FAILED in 6m 54s&#10;10 actionable tasks: 8 executed, 2 up-to-date&#10;" />
        
      </testcase>
    
  </testsuite>
</testsuites>
